WARNING:root:syntax error at or near "SELECR"
LINE 1: SELECR * FROM dataset WHERE vintage='2008'
        ^

INFO:werkzeug:[31m[1mWARNING: This is a development server. Do not use it in a production deployment. Use a production WSGI server instead.[0m
 * Running on http://127.0.0.1:5000
INFO:werkzeug:[33mPress CTRL+C to quit[0m
INFO:werkzeug:[31m[1mWARNING: This is a development server. Do not use it in a production deployment. Use a production WSGI server instead.[0m
 * Running on http://127.0.0.1:5000
INFO:werkzeug:[33mPress CTRL+C to quit[0m
INFO:werkzeug:127.0.0.1 - - [30/Dec/2022 22:03:59] "POST /postgresql/create HTTP/1.1" 200 -
INFO:werkzeug:127.0.0.1 - - [30/Dec/2022 22:12:11] "[33mGET /postgresql/update HTTP/1.1[0m" 404 -
INFO:werkzeug:[31m[1mWARNING: This is a development server. Do not use it in a production deployment. Use a production WSGI server instead.[0m
 * Running on http://127.0.0.1:5000
INFO:werkzeug:[33mPress CTRL+C to quit[0m
ERROR:main:Exception on /postgresql/update [GET]
Traceback (most recent call last):
  File "C:\Users\darpan\anaconda3\envs\api_project\lib\site-packages\flask\app.py", line 2525, in wsgi_app
    response = self.full_dispatch_request()
  File "C:\Users\darpan\anaconda3\envs\api_project\lib\site-packages\flask\app.py", line 1823, in full_dispatch_request
    return self.finalize_request(rv)
  File "C:\Users\darpan\anaconda3\envs\api_project\lib\site-packages\flask\app.py", line 1842, in finalize_request
    response = self.make_response(rv)
  File "C:\Users\darpan\anaconda3\envs\api_project\lib\site-packages\flask\app.py", line 2134, in make_response
    raise TypeError(
TypeError: The view function for 'update_table' did not return a valid response. The function either returned None or ended without a return statement.
INFO:werkzeug:127.0.0.1 - - [30/Dec/2022 22:12:53] "[35m[1mGET /postgresql/update HTTP/1.1[0m" 500 -
INFO:werkzeug:[31m[1mWARNING: This is a development server. Do not use it in a production deployment. Use a production WSGI server instead.[0m
 * Running on http://127.0.0.1:5000
INFO:werkzeug:[33mPress CTRL+C to quit[0m
ERROR:main:Exception on /postgresql/update [GET]
Traceback (most recent call last):
  File "C:\Users\darpan\anaconda3\envs\api_project\lib\site-packages\flask\app.py", line 2525, in wsgi_app
    response = self.full_dispatch_request()
  File "C:\Users\darpan\anaconda3\envs\api_project\lib\site-packages\flask\app.py", line 1823, in full_dispatch_request
    return self.finalize_request(rv)
  File "C:\Users\darpan\anaconda3\envs\api_project\lib\site-packages\flask\app.py", line 1842, in finalize_request
    response = self.make_response(rv)
  File "C:\Users\darpan\anaconda3\envs\api_project\lib\site-packages\flask\app.py", line 2134, in make_response
    raise TypeError(
TypeError: The view function for 'update_table' did not return a valid response. The function either returned None or ended without a return statement.
INFO:werkzeug:127.0.0.1 - - [30/Dec/2022 22:13:23] "[35m[1mGET /postgresql/update HTTP/1.1[0m" 500 -
ERROR:main:Exception on /postgresql/update [GET]
Traceback (most recent call last):
  File "C:\Users\darpan\anaconda3\envs\api_project\lib\site-packages\flask\app.py", line 2525, in wsgi_app
    response = self.full_dispatch_request()
  File "C:\Users\darpan\anaconda3\envs\api_project\lib\site-packages\flask\app.py", line 1823, in full_dispatch_request
    return self.finalize_request(rv)
  File "C:\Users\darpan\anaconda3\envs\api_project\lib\site-packages\flask\app.py", line 1842, in finalize_request
    response = self.make_response(rv)
  File "C:\Users\darpan\anaconda3\envs\api_project\lib\site-packages\flask\app.py", line 2134, in make_response
    raise TypeError(
TypeError: The view function for 'update_table' did not return a valid response. The function either returned None or ended without a return statement.
INFO:werkzeug:127.0.0.1 - - [30/Dec/2022 22:14:01] "[35m[1mGET /postgresql/update HTTP/1.1[0m" 500 -
INFO:werkzeug:[31m[1mWARNING: This is a development server. Do not use it in a production deployment. Use a production WSGI server instead.[0m
 * Running on http://127.0.0.1:5000
INFO:werkzeug:[33mPress CTRL+C to quit[0m
ERROR:main:Exception on /postgresql/update [GET]
Traceback (most recent call last):
  File "C:\Users\darpan\anaconda3\envs\api_project\lib\site-packages\flask\app.py", line 2525, in wsgi_app
    response = self.full_dispatch_request()
  File "C:\Users\darpan\anaconda3\envs\api_project\lib\site-packages\flask\app.py", line 1823, in full_dispatch_request
    return self.finalize_request(rv)
  File "C:\Users\darpan\anaconda3\envs\api_project\lib\site-packages\flask\app.py", line 1842, in finalize_request
    response = self.make_response(rv)
  File "C:\Users\darpan\anaconda3\envs\api_project\lib\site-packages\flask\app.py", line 2134, in make_response
    raise TypeError(
TypeError: The view function for 'update_table' did not return a valid response. The function either returned None or ended without a return statement.
INFO:werkzeug:127.0.0.1 - - [30/Dec/2022 22:15:29] "[35m[1mGET /postgresql/update HTTP/1.1[0m" 500 -
ERROR:main:Exception on /postgresql/update [GET]
Traceback (most recent call last):
  File "C:\Users\darpan\anaconda3\envs\api_project\lib\site-packages\flask\app.py", line 2525, in wsgi_app
    response = self.full_dispatch_request()
  File "C:\Users\darpan\anaconda3\envs\api_project\lib\site-packages\flask\app.py", line 1823, in full_dispatch_request
    return self.finalize_request(rv)
  File "C:\Users\darpan\anaconda3\envs\api_project\lib\site-packages\flask\app.py", line 1842, in finalize_request
    response = self.make_response(rv)
  File "C:\Users\darpan\anaconda3\envs\api_project\lib\site-packages\flask\app.py", line 2134, in make_response
    raise TypeError(
TypeError: The view function for 'update_table' did not return a valid response. The function either returned None or ended without a return statement.
INFO:werkzeug:127.0.0.1 - - [30/Dec/2022 22:15:34] "[35m[1mGET /postgresql/update HTTP/1.1[0m" 500 -
INFO:werkzeug:[31m[1mWARNING: This is a development server. Do not use it in a production deployment. Use a production WSGI server instead.[0m
 * Running on http://127.0.0.1:5000
INFO:werkzeug:[33mPress CTRL+C to quit[0m
ERROR:main:Exception on /postgresql/update [GET]
Traceback (most recent call last):
  File "C:\Users\darpan\anaconda3\envs\api_project\lib\site-packages\flask\app.py", line 2525, in wsgi_app
    response = self.full_dispatch_request()
  File "C:\Users\darpan\anaconda3\envs\api_project\lib\site-packages\flask\app.py", line 1823, in full_dispatch_request
    return self.finalize_request(rv)
  File "C:\Users\darpan\anaconda3\envs\api_project\lib\site-packages\flask\app.py", line 1842, in finalize_request
    response = self.make_response(rv)
  File "C:\Users\darpan\anaconda3\envs\api_project\lib\site-packages\flask\app.py", line 2134, in make_response
    raise TypeError(
TypeError: The view function for 'update_table' did not return a valid response. The function either returned None or ended without a return statement.
INFO:werkzeug:127.0.0.1 - - [30/Dec/2022 22:16:51] "[35m[1mGET /postgresql/update HTTP/1.1[0m" 500 -
INFO:werkzeug:[31m[1mWARNING: This is a development server. Do not use it in a production deployment. Use a production WSGI server instead.[0m
 * Running on http://127.0.0.1:5000
INFO:werkzeug:[33mPress CTRL+C to quit[0m
ERROR:main:Exception on /postgresql/update [GET]
Traceback (most recent call last):
  File "C:\Users\darpan\anaconda3\envs\api_project\lib\site-packages\flask\app.py", line 2525, in wsgi_app
    response = self.full_dispatch_request()
  File "C:\Users\darpan\anaconda3\envs\api_project\lib\site-packages\flask\app.py", line 1823, in full_dispatch_request
    return self.finalize_request(rv)
  File "C:\Users\darpan\anaconda3\envs\api_project\lib\site-packages\flask\app.py", line 1842, in finalize_request
    response = self.make_response(rv)
  File "C:\Users\darpan\anaconda3\envs\api_project\lib\site-packages\flask\app.py", line 2134, in make_response
    raise TypeError(
TypeError: The view function for 'update_table' did not return a valid response. The function either returned None or ended without a return statement.
INFO:werkzeug:127.0.0.1 - - [30/Dec/2022 22:17:38] "[35m[1mGET /postgresql/update HTTP/1.1[0m" 500 -
INFO:werkzeug:[31m[1mWARNING: This is a development server. Do not use it in a production deployment. Use a production WSGI server instead.[0m
 * Running on http://127.0.0.1:5000
INFO:werkzeug:[33mPress CTRL+C to quit[0m
ERROR:main:Exception on /postgresql/update [GET]
Traceback (most recent call last):
  File "C:\Users\darpan\anaconda3\envs\api_project\lib\site-packages\flask\app.py", line 2525, in wsgi_app
    response = self.full_dispatch_request()
  File "C:\Users\darpan\anaconda3\envs\api_project\lib\site-packages\flask\app.py", line 1823, in full_dispatch_request
    return self.finalize_request(rv)
  File "C:\Users\darpan\anaconda3\envs\api_project\lib\site-packages\flask\app.py", line 1842, in finalize_request
    response = self.make_response(rv)
  File "C:\Users\darpan\anaconda3\envs\api_project\lib\site-packages\flask\app.py", line 2134, in make_response
    raise TypeError(
TypeError: The view function for 'update_table' did not return a valid response. The function either returned None or ended without a return statement.
INFO:werkzeug:127.0.0.1 - - [30/Dec/2022 22:19:14] "[35m[1mGET /postgresql/update HTTP/1.1[0m" 500 -
INFO:werkzeug:[31m[1mWARNING: This is a development server. Do not use it in a production deployment. Use a production WSGI server instead.[0m
 * Running on http://127.0.0.1:5000
INFO:werkzeug:[33mPress CTRL+C to quit[0m
ERROR:main:Exception on /postgresql/update [GET]
Traceback (most recent call last):
  File "C:\Users\darpan\anaconda3\envs\api_project\lib\site-packages\flask\app.py", line 2525, in wsgi_app
    response = self.full_dispatch_request()
  File "C:\Users\darpan\anaconda3\envs\api_project\lib\site-packages\flask\app.py", line 1823, in full_dispatch_request
    return self.finalize_request(rv)
  File "C:\Users\darpan\anaconda3\envs\api_project\lib\site-packages\flask\app.py", line 1842, in finalize_request
    response = self.make_response(rv)
  File "C:\Users\darpan\anaconda3\envs\api_project\lib\site-packages\flask\app.py", line 2134, in make_response
    raise TypeError(
TypeError: The view function for 'update_table' did not return a valid response. The function either returned None or ended without a return statement.
INFO:werkzeug:127.0.0.1 - - [30/Dec/2022 22:21:19] "[35m[1mGET /postgresql/update HTTP/1.1[0m" 500 -
INFO:werkzeug:[31m[1mWARNING: This is a development server. Do not use it in a production deployment. Use a production WSGI server instead.[0m
 * Running on http://127.0.0.1:5000
INFO:werkzeug:[33mPress CTRL+C to quit[0m
INFO:root:UPDATE projectt SET Brand = 'Darpan' WHERE Brand = 'Acer'
WARNING:root:column "brand" does not exist
LINE 1: UPDATE projectt SET Brand = 'Darpan' WHERE Brand = 'Acer'
                                                   ^
HINT:  Perhaps you meant to reference the column "projectt.Brand".

INFO:werkzeug:127.0.0.1 - - [30/Dec/2022 22:21:46] "POST /postgresql/update HTTP/1.1" 200 -
INFO:root:UPDATE projectt SET Brand = 'Darpan' WHERE Brand = 'Acer'
WARNING:root:column "brand" does not exist
LINE 1: UPDATE projectt SET Brand = 'Darpan' WHERE Brand = 'Acer'
                                                   ^
HINT:  Perhaps you meant to reference the column "projectt.Brand".

INFO:werkzeug:127.0.0.1 - - [30/Dec/2022 22:22:20] "POST /postgresql/update HTTP/1.1" 200 -
INFO:werkzeug:[31m[1mWARNING: This is a development server. Do not use it in a production deployment. Use a production WSGI server instead.[0m
 * Running on http://127.0.0.1:5000
INFO:werkzeug:[33mPress CTRL+C to quit[0m
INFO:root:UPDATE projectt SET Brand = 'Darpan' WHERE projectt.Brand = 'Acer'
WARNING:root:column projectt.brand does not exist
LINE 1: UPDATE projectt SET Brand = 'Darpan' WHERE projectt.Brand = ...
                                                   ^
HINT:  Perhaps you meant to reference the column "projectt.Brand".

INFO:werkzeug:127.0.0.1 - - [30/Dec/2022 22:23:55] "POST /postgresql/update HTTP/1.1" 200 -
INFO:werkzeug:[31m[1mWARNING: This is a development server. Do not use it in a production deployment. Use a production WSGI server instead.[0m
 * Running on http://127.0.0.1:5000
INFO:werkzeug:[33mPress CTRL+C to quit[0m
INFO:werkzeug:[31m[1mWARNING: This is a development server. Do not use it in a production deployment. Use a production WSGI server instead.[0m
 * Running on http://127.0.0.1:5000
INFO:werkzeug:[33mPress CTRL+C to quit[0m
INFO:root:UPDATE projectt SET brand = 'Darpan' WHERE brand = 'Acer'
WARNING:root:column "brand" does not exist
LINE 1: UPDATE projectt SET brand = 'Darpan' WHERE brand = 'Acer'
                                                   ^
HINT:  Perhaps you meant to reference the column "projectt.Brand".

INFO:werkzeug:127.0.0.1 - - [30/Dec/2022 22:25:18] "POST /postgresql/update HTTP/1.1" 200 -
INFO:root:UPDATE projectt SET brand = 'Darpan' WHERE company = 'acer'
WARNING:root:column "company" does not exist
LINE 1: UPDATE projectt SET brand = 'Darpan' WHERE company = 'acer'
                                                   ^
HINT:  Perhaps you meant to reference the column "projectt.Company".

INFO:werkzeug:127.0.0.1 - - [30/Dec/2022 22:26:11] "POST /postgresql/update HTTP/1.1" 200 -
INFO:werkzeug:[31m[1mWARNING: This is a development server. Do not use it in a production deployment. Use a production WSGI server instead.[0m
 * Running on http://127.0.0.1:5000
INFO:werkzeug:[33mPress CTRL+C to quit[0m
INFO:root:UPDATE projectt SET projectt.Brand = 'Darpan' WHERE projectt.Company = 'acer'
WARNING:root:column projectt.company does not exist
LINE 1: ...DATE projectt SET projectt.Brand = 'Darpan' WHERE projectt.C...
                                                             ^
HINT:  Perhaps you meant to reference the column "projectt.Company".

INFO:werkzeug:127.0.0.1 - - [30/Dec/2022 22:27:36] "POST /postgresql/update HTTP/1.1" 200 -
INFO:root:UPDATE projectt SET projectt.Brand = 'Darpan' WHERE projectt.Company = 'acer'
WARNING:root:column projectt.company does not exist
LINE 1: ...DATE projectt SET projectt.Brand = 'Darpan' WHERE projectt.C...
                                                             ^
HINT:  Perhaps you meant to reference the column "projectt.Company".

INFO:werkzeug:127.0.0.1 - - [30/Dec/2022 22:28:55] "POST /postgresql/update HTTP/1.1" 200 -
INFO:root:UPDATE projectt SET projectt.Brand = Darpan WHERE projectt.Company = acer
WARNING:root:column projectt.company does not exist
LINE 1: UPDATE projectt SET projectt.Brand = Darpan WHERE projectt.C...
                                                          ^
HINT:  Perhaps you meant to reference the column "projectt.Company".

INFO:werkzeug:127.0.0.1 - - [30/Dec/2022 22:29:25] "POST /postgresql/update HTTP/1.1" 200 -
INFO:werkzeug:[31m[1mWARNING: This is a development server. Do not use it in a production deployment. Use a production WSGI server instead.[0m
 * Running on http://127.0.0.1:5000
INFO:werkzeug:[33mPress CTRL+C to quit[0m
INFO:root:UPDATE projectt SET projectt.Brand = Darpan WHERE projectt.Company = acer
WARNING:root:column projectt.company does not exist
LINE 1: UPDATE projectt SET projectt.Brand = Darpan WHERE projectt.C...
                                                          ^
HINT:  Perhaps you meant to reference the column "projectt.Company".

INFO:werkzeug:127.0.0.1 - - [30/Dec/2022 22:30:57] "POST /postgresql/update HTTP/1.1" 200 -
INFO:root:UPDATE projectt SET projectt.Brand = 'Darpan' WHERE projectt.Company = 'acer'
WARNING:root:column projectt.company does not exist
LINE 1: ...DATE projectt SET projectt.Brand = 'Darpan' WHERE projectt.C...
                                                             ^
HINT:  Perhaps you meant to reference the column "projectt.Company".

INFO:werkzeug:127.0.0.1 - - [30/Dec/2022 22:33:05] "POST /postgresql/update HTTP/1.1" 200 -
INFO:werkzeug:[31m[1mWARNING: This is a development server. Do not use it in a production deployment. Use a production WSGI server instead.[0m
 * Running on http://127.0.0.1:5000
INFO:werkzeug:[33mPress CTRL+C to quit[0m
INFO:root:UPDATE projectt SET Brand = 'Darpan' WHERE Company = 'acer'
WARNING:root:column "company" does not exist
LINE 1: UPDATE projectt SET Brand = 'Darpan' WHERE Company = 'acer'
                                                   ^
HINT:  Perhaps you meant to reference the column "projectt.Company".

INFO:werkzeug:127.0.0.1 - - [30/Dec/2022 22:33:59] "POST /postgresql/update HTTP/1.1" 200 -
